# JRE version: OpenJDK Runtime Environment (11.0.10) (build 11.0.10+0-b96-7249189)
# Java VM: OpenJDK 64-Bit Server VM (11.0.10+0-b96-7249189, mixed mode, tiered, compressed oops, g1 gc, windows-amd64)
Heap:
 garbage-first heap   total 245760K, used 43727K [0x0000000080000000, 0x0000000100000000)
  region size 1024K, 20 young (20480K), 17 survivors (17408K)
 Metaspace       used 54371K, capacity 55823K, committed 56064K, reserved 1097728K
  class space    used 6907K, capacity 7423K, committed 7424K, reserved 1048576K
GC Heap History (16 events):
Event: 2.305 GC heap before
{Heap before GC invocations=0 (full 0):
 garbage-first heap   total 245760K, used 29696K [0x0000000080000000, 0x0000000100000000)
  region size 1024K, 24 young (24576K), 0 survivors (0K)
 Metaspace       used 9775K, capacity 10080K, committed 10368K, reserved 1058816K
  class space    used 990K, capacity 1041K, committed 1152K, reserved 1048576K
}
Event: 2.317 GC heap after
{Heap after GC invocations=1 (full 0):
 garbage-first heap   total 245760K, used 9046K [0x0000000080000000, 0x0000000100000000)
  region size 1024K, 3 young (3072K), 3 survivors (3072K)
 Metaspace       used 9775K, capacity 10080K, committed 10368K, reserved 1058816K
  class space    used 990K, capacity 1041K, committed 1152K, reserved 1048576K
}
Event: 3.530 GC heap before
{Heap before GC invocations=1 (full 0):
 garbage-first heap   total 245760K, used 53078K [0x0000000080000000, 0x0000000100000000)
  region size 1024K, 46 young (47104K), 3 survivors (3072K)
 Metaspace       used 11213K, capacity 11518K, committed 11776K, reserved 1060864K
  class space    used 1171K, capacity 1243K, committed 1280K, reserved 1048576K
}
Event: 3.540 GC heap after
{Heap after GC invocations=2 (full 0):
 garbage-first heap   total 245760K, used 11772K [0x0000000080000000, 0x0000000100000000)
  region size 1024K, 6 young (6144K), 6 survivors (6144K)
 Metaspace       used 11213K, capacity 11518K, committed 11776K, reserved 1060864K
  class space    used 1171K, capacity 1243K, committed 1280K, reserved 1048576K
}
Event: 6.145 GC heap before
{Heap before GC invocations=2 (full 0):
 garbage-first heap   total 245760K, used 66044K [0x0000000080000000, 0x0000000100000000)
  region size 1024K, 59 young (60416K), 6 survivors (6144K)
 Metaspace       used 18906K, capacity 19371K, committed 19584K, reserved 1067008K
  class space    used 2271K, capacity 2405K, committed 2432K, reserved 1048576K
}
Event: 6.174 GC heap after
{Heap after GC invocations=3 (full 0):
 garbage-first heap   total 245760K, used 16298K [0x0000000080000000, 0x0000000100000000)
  region size 1024K, 8 young (8192K), 8 survivors (8192K)
 Metaspace       used 18906K, capacity 19371K, committed 19584K, reserved 1067008K
  class space    used 2271K, capacity 2405K, committed 2432K, reserved 1048576K
}
Event: 6.642 GC heap before
{Heap before GC invocations=3 (full 0):
 garbage-first heap   total 245760K, used 32682K [0x0000000080000000, 0x0000000100000000)
  region size 1024K, 25 young (25600K), 8 survivors (8192K)
 Metaspace       used 20593K, capacity 21104K, committed 21248K, reserved 1067008K
  class space    used 2513K, capacity 2690K, committed 2816K, reserved 1048576K
}
Event: 6.651 GC heap after
{Heap after GC invocations=4 (full 0):
 garbage-first heap   total 245760K, used 17147K [0x0000000080000000, 0x0000000100000000)
  region size 1024K, 6 young (6144K), 6 survivors (6144K)
 Metaspace       used 20593K, capacity 21104K, committed 21248K, reserved 1067008K
  class space    used 2513K, capacity 2690K, committed 2816K, reserved 1048576K
}
Event: 9.048 GC heap before
{Heap before GC invocations=5 (full 0):
 garbage-first heap   total 245760K, used 111355K [0x0000000080000000, 0x0000000100000000)
  region size 1024K, 98 young (100352K), 6 survivors (6144K)
 Metaspace       used 28930K, capacity 29608K, committed 29824K, reserved 1075200K
  class space    used 3864K, capacity 4104K, committed 4224K, reserved 1048576K
}
Event: 9.056 GC heap after
{Heap after GC invocations=6 (full 0):
 garbage-first heap   total 245760K, used 19740K [0x0000000080000000, 0x0000000100000000)
  region size 1024K, 8 young (8192K), 8 survivors (8192K)
 Metaspace       used 28930K, capacity 29608K, committed 29824K, reserved 1075200K
  class space    used 3864K, capacity 4104K, committed 4224K, reserved 1048576K
}
Event: 9.956 GC heap before
{Heap before GC invocations=6 (full 0):
 garbage-first heap   total 245760K, used 45340K [0x0000000080000000, 0x0000000100000000)
  region size 1024K, 35 young (35840K), 8 survivors (8192K)
 Metaspace       used 35053K, capacity 35837K, committed 35840K, reserved 1081344K
  class space    used 4537K, capacity 4864K, committed 4864K, reserved 1048576K
}
Event: 9.970 GC heap after
{Heap after GC invocations=7 (full 0):
 garbage-first heap   total 245760K, used 22336K [0x0000000080000000, 0x0000000100000000)
  region size 1024K, 11 young (11264K), 11 survivors (11264K)
 Metaspace       used 35053K, capacity 35837K, committed 35840K, reserved 1081344K
  class space    used 4537K, capacity 4864K, committed 4864K, reserved 1048576K
}
Event: 12.767 GC heap before
{Heap before GC invocations=8 (full 0):
 garbage-first heap   total 245760K, used 134976K [0x0000000080000000, 0x0000000100000000)
  region size 1024K, 118 young (120832K), 11 survivors (11264K)
 Metaspace       used 43713K, capacity 44707K, committed 44928K, reserved 1087488K
  class space    used 5585K, capacity 5934K, committed 6016K, reserved 1048576K
}
Event: 12.782 GC heap after
{Heap after GC invocations=9 (full 0):
 garbage-first heap   total 245760K, used 29027K [0x0000000080000000, 0x0000000100000000)
  region size 1024K, 13 young (13312K), 13 survivors (13312K)
 Metaspace       used 43713K, capacity 44707K, committed 44928K, reserved 1087488K
  class space    used 5585K, capacity 5934K, committed 6016K, reserved 1048576K
}
Event: 29.007 GC heap before
{Heap before GC invocations=9 (full 0):
 garbage-first heap   total 245760K, used 156003K [0x0000000080000000, 0x0000000100000000)
  region size 1024K, 134 young (137216K), 13 survivors (13312K)
 Metaspace       used 54064K, capacity 55535K, committed 55808K, reserved 1097728K
  class space    used 6869K, capacity 7391K, committed 7424K, reserved 1048576K
}
Event: 29.028 GC heap after
{Heap after GC invocations=10 (full 0):
 garbage-first heap   total 245760K, used 41679K [0x0000000080000000, 0x0000000100000000)
  region size 1024K, 17 young (17408K), 17 survivors (17408K)
 Metaspace       used 54064K, capacity 55535K, committed 55808K, reserved 1097728K
  class space    used 6869K, capacity 7391K, committed 7424K, reserved 1048576K
}

