# JRE version: OpenJDK Runtime Environment (11.0.10) (build 11.0.10+0-b96-7249189)
# Java VM: OpenJDK 64-Bit Server VM (11.0.10+0-b96-7249189, mixed mode, tiered, compressed oops, g1 gc, windows-amd64)
Heap:
 garbage-first heap   total 245760K, used 128390K [0x0000000080000000, 0x0000000100000000)
  region size 1024K, 86 young (88064K), 4 survivors (4096K)
 Metaspace       used 64561K, capacity 66157K, committed 66432K, reserved 1107968K
  class space    used 8226K, capacity 8786K, committed 8832K, reserved 1048576K
GC Heap History (14 events):
Event: 1.211 GC heap before
{Heap before GC invocations=0 (full 0):
 garbage-first heap   total 245760K, used 29696K [0x0000000080000000, 0x0000000100000000)
  region size 1024K, 24 young (24576K), 0 survivors (0K)
 Metaspace       used 9761K, capacity 10012K, committed 10368K, reserved 1058816K
  class space    used 990K, capacity 1041K, committed 1152K, reserved 1048576K
}
Event: 1.217 GC heap after
{Heap after GC invocations=1 (full 0):
 garbage-first heap   total 245760K, used 9226K [0x0000000080000000, 0x0000000100000000)
  region size 1024K, 3 young (3072K), 3 survivors (3072K)
 Metaspace       used 9761K, capacity 10012K, committed 10368K, reserved 1058816K
  class space    used 990K, capacity 1041K, committed 1152K, reserved 1048576K
}
Event: 4.162 GC heap before
{Heap before GC invocations=1 (full 0):
 garbage-first heap   total 245760K, used 122890K [0x0000000080000000, 0x0000000100000000)
  region size 1024K, 115 young (117760K), 3 survivors (3072K)
 Metaspace       used 20548K, capacity 21100K, committed 21248K, reserved 1067008K
  class space    used 2505K, capacity 2690K, committed 2816K, reserved 1048576K
}
Event: 4.175 GC heap after
{Heap after GC invocations=2 (full 0):
 garbage-first heap   total 245760K, used 17225K [0x0000000080000000, 0x0000000100000000)
  region size 1024K, 11 young (11264K), 11 survivors (11264K)
 Metaspace       used 20548K, capacity 21100K, committed 21248K, reserved 1067008K
  class space    used 2505K, capacity 2690K, committed 2816K, reserved 1048576K
}
Event: 4.755 GC heap before
{Heap before GC invocations=3 (full 0):
 garbage-first heap   total 245760K, used 59209K [0x0000000080000000, 0x0000000100000000)
  region size 1024K, 52 young (53248K), 11 survivors (11264K)
 Metaspace       used 24348K, capacity 24994K, committed 25216K, reserved 1071104K
  class space    used 3128K, capacity 3353K, committed 3456K, reserved 1048576K
}
Event: 4.764 GC heap after
{Heap after GC invocations=4 (full 0):
 garbage-first heap   total 245760K, used 19039K [0x0000000080000000, 0x0000000100000000)
  region size 1024K, 2 young (2048K), 2 survivors (2048K)
 Metaspace       used 24348K, capacity 24994K, committed 25216K, reserved 1071104K
  class space    used 3128K, capacity 3353K, committed 3456K, reserved 1048576K
}
Event: 6.361 GC heap before
{Heap before GC invocations=4 (full 0):
 garbage-first heap   total 245760K, used 95839K [0x0000000080000000, 0x0000000100000000)
  region size 1024K, 78 young (79872K), 2 survivors (2048K)
 Metaspace       used 35032K, capacity 35802K, committed 35840K, reserved 1081344K
  class space    used 4540K, capacity 4832K, committed 4864K, reserved 1048576K
}
Event: 6.374 GC heap after
{Heap after GC invocations=5 (full 0):
 garbage-first heap   total 245760K, used 23107K [0x0000000080000000, 0x0000000100000000)
  region size 1024K, 6 young (6144K), 6 survivors (6144K)
 Metaspace       used 35032K, capacity 35802K, committed 35840K, reserved 1081344K
  class space    used 4540K, capacity 4832K, committed 4864K, reserved 1048576K
}
Event: 8.303 GC heap before
{Heap before GC invocations=6 (full 0):
 garbage-first heap   total 245760K, used 134723K [0x0000000080000000, 0x0000000100000000)
  region size 1024K, 112 young (114688K), 6 survivors (6144K)
 Metaspace       used 43703K, capacity 44734K, committed 44928K, reserved 1087488K
  class space    used 5588K, capacity 5966K, committed 6016K, reserved 1048576K
}
Event: 8.314 GC heap after
{Heap after GC invocations=7 (full 0):
 garbage-first heap   total 245760K, used 28794K [0x0000000080000000, 0x0000000100000000)
  region size 1024K, 12 young (12288K), 12 survivors (12288K)
 Metaspace       used 43703K, capacity 44734K, committed 44928K, reserved 1087488K
  class space    used 5588K, capacity 5966K, committed 6016K, reserved 1048576K
}
Event: 11.133 GC heap before
{Heap before GC invocations=7 (full 0):
 garbage-first heap   total 245760K, used 151674K [0x0000000080000000, 0x0000000100000000)
  region size 1024K, 128 young (131072K), 12 survivors (12288K)
 Metaspace       used 53240K, capacity 54630K, committed 54656K, reserved 1097728K
  class space    used 6808K, capacity 7286K, committed 7296K, reserved 1048576K
}
Event: 11.154 GC heap after
{Heap after GC invocations=8 (full 0):
 garbage-first heap   total 245760K, used 42706K [0x0000000080000000, 0x0000000100000000)
  region size 1024K, 16 young (16384K), 16 survivors (16384K)
 Metaspace       used 53240K, capacity 54630K, committed 54656K, reserved 1097728K
  class space    used 6808K, capacity 7286K, committed 7296K, reserved 1048576K
}
Event: 12.027 GC heap before
{Heap before GC invocations=8 (full 0):
 garbage-first heap   total 245760K, used 74450K [0x0000000080000000, 0x0000000100000000)
  region size 1024K, 48 young (49152K), 16 survivors (16384K)
 Metaspace       used 58567K, capacity 60066K, committed 60160K, reserved 1101824K
  class space    used 7433K, capacity 7985K, committed 8064K, reserved 1048576K
}
Event: 12.049 GC heap after
{Heap after GC invocations=9 (full 0):
 garbage-first heap   total 245760K, used 45446K [0x0000000080000000, 0x0000000100000000)
  region size 1024K, 4 young (4096K), 4 survivors (4096K)
 Metaspace       used 58567K, capacity 60066K, committed 60160K, reserved 1101824K
  class space    used 7433K, capacity 7985K, committed 8064K, reserved 1048576K
}

